<?xml version="1.0" encoding="UTF-8"?>
<!-- Generated by org.testng.reporters.JUnitReportReporter -->
<testsuite hostname="DESKTOP-6MM3MGS" failures="0" tests="1" name="mypackage.BrokenLinks" time="19.310" errors="0" timestamp="2023-11-29T12:17:36 IST" skipped="0">
  <testcase classname="mypackage.BrokenLinks" name="testLinks" time="19.310"/>
</testsuite> <!-- mypackage.BrokenLinks -->
